# JRE version: Java(TM) SE Runtime Environment (8.0_111-b14) (build 1.8.0_111-b14)
# Java VM: Java HotSpot(TM) 64-Bit Server VM (25.111-b14 mixed mode windows-amd64 compressed oops)
Heap:
 PSYoungGen      total 137216K, used 64018K [0x00000000e0000000, 0x00000000eae00000, 0x0000000100000000)
  eden space 121344K, 39% used [0x00000000e0000000,0x00000000e2f07380,0x00000000e7680000)
  from space 15872K, 99% used [0x00000000e7680000,0x00000000e85fd490,0x00000000e8600000)
  to   space 18432K, 0% used [0x00000000e9c00000,0x00000000e9c00000,0x00000000eae00000)
 ParOldGen       total 99328K, used 60339K [0x00000000a0000000, 0x00000000a6100000, 0x00000000e0000000)
  object space 99328K, 60% used [0x00000000a0000000,0x00000000a3aece20,0x00000000a6100000)
 Metaspace       used 106407K, capacity 111198K, committed 111488K, reserved 1146880K
  class space    used 14228K, capacity 15187K, committed 15232K, reserved 1048576K
GC Heap History (10 events):
Event: 1531.280 GC heap before
{Heap before GC invocations=27 (full 3):
 PSYoungGen      total 111616K, used 111205K [0x00000000e0000000, 0x00000000e8180000, 0x0000000100000000)
  eden space 104960K, 100% used [0x00000000e0000000,0x00000000e6680000,0x00000000e6680000)
  from space 6656K, 93% used [0x00000000e6980000,0x00000000e6f99528,0x00000000e7000000)
  to   space 13824K, 0% used [0x00000000e7400000,0x00000000e7400000,0x00000000e8180000)
 ParOldGen       total 99328K, used 54293K [0x00000000a0000000, 0x00000000a6100000, 0x00000000e0000000)
  object space 99328K, 54% used [0x00000000a0000000,0x00000000a35055c8,0x00000000a6100000)
 Metaspace       used 88121K, capacity 92456K, committed 92800K, reserved 1128448K
  class space    used 11995K, capacity 12816K, committed 12928K, reserved 1048576K
Event: 1531.403 GC heap after
Heap after GC invocations=27 (full 3):
 PSYoungGen      total 115712K, used 13801K [0x00000000e0000000, 0x00000000e8380000, 0x0000000100000000)
  eden space 101888K, 0% used [0x00000000e0000000,0x00000000e0000000,0x00000000e6380000)
  from space 13824K, 99% used [0x00000000e7400000,0x00000000e817a720,0x00000000e8180000)
  to   space 16384K, 0% used [0x00000000e6380000,0x00000000e6380000,0x00000000e7380000)
 ParOldGen       total 99328K, used 55951K [0x00000000a0000000, 0x00000000a6100000, 0x00000000e0000000)
  object space 99328K, 56% used [0x00000000a0000000,0x00000000a36a3d50,0x00000000a6100000)
 Metaspace       used 88121K, capacity 92456K, committed 92800K, reserved 1128448K
  class space    used 11995K, capacity 12816K, committed 12928K, reserved 1048576K
}
Event: 1533.180 GC heap before
{Heap before GC invocations=28 (full 3):
 PSYoungGen      total 115712K, used 115689K [0x00000000e0000000, 0x00000000e8380000, 0x0000000100000000)
  eden space 101888K, 100% used [0x00000000e0000000,0x00000000e6380000,0x00000000e6380000)
  from space 13824K, 99% used [0x00000000e7400000,0x00000000e817a720,0x00000000e8180000)
  to   space 16384K, 0% used [0x00000000e6380000,0x00000000e6380000,0x00000000e7380000)
 ParOldGen       total 99328K, used 55951K [0x00000000a0000000, 0x00000000a6100000, 0x00000000e0000000)
  object space 99328K, 56% used [0x00000000a0000000,0x00000000a36a3d50,0x00000000a6100000)
 Metaspace       used 88339K, capacity 92758K, committed 93056K, reserved 1130496K
  class space    used 12010K, capacity 12861K, committed 12928K, reserved 1048576K
Event: 1533.243 GC heap after
Heap after GC invocations=28 (full 3):
 PSYoungGen      total 118272K, used 4710K [0x00000000e0000000, 0x00000000e9780000, 0x0000000100000000)
  eden space 101888K, 0% used [0x00000000e0000000,0x00000000e0000000,0x00000000e6380000)
  from space 16384K, 28% used [0x00000000e6380000,0x00000000e68199c8,0x00000000e7380000)
  to   space 15872K, 0% used [0x00000000e8800000,0x00000000e8800000,0x00000000e9780000)
 ParOldGen       total 99328K, used 65746K [0x00000000a0000000, 0x00000000a6100000, 0x00000000e0000000)
  object space 99328K, 66% used [0x00000000a0000000,0x00000000a4034b98,0x00000000a6100000)
 Metaspace       used 88339K, capacity 92758K, committed 93056K, reserved 1130496K
  class space    used 12010K, capacity 12861K, committed 12928K, reserved 1048576K
}
Event: 1568.321 GC heap before
{Heap before GC invocations=29 (full 3):
 PSYoungGen      total 118272K, used 95020K [0x00000000e0000000, 0x00000000e9780000, 0x0000000100000000)
  eden space 101888K, 88% used [0x00000000e0000000,0x00000000e58316a0,0x00000000e6380000)
  from space 16384K, 28% used [0x00000000e6380000,0x00000000e68199c8,0x00000000e7380000)
  to   space 15872K, 0% used [0x00000000e8800000,0x00000000e8800000,0x00000000e9780000)
 ParOldGen       total 99328K, used 65746K [0x00000000a0000000, 0x00000000a6100000, 0x00000000e0000000)
  object space 99328K, 66% used [0x00000000a0000000,0x00000000a4034b98,0x00000000a6100000)
 Metaspace       used 93450K, capacity 98198K, committed 98304K, reserved 1134592K
  class space    used 12657K, capacity 13546K, committed 13568K, reserved 1048576K
Event: 1568.380 GC heap after
Heap after GC invocations=29 (full 3):
 PSYoungGen      total 135168K, used 9596K [0x00000000e0000000, 0x00000000e9580000, 0x0000000100000000)
  eden space 121344K, 0% used [0x00000000e0000000,0x00000000e0000000,0x00000000e7680000)
  from space 13824K, 69% used [0x00000000e8800000,0x00000000e915f150,0x00000000e9580000)
  to   space 15872K, 0% used [0x00000000e7680000,0x00000000e7680000,0x00000000e8600000)
 ParOldGen       total 99328K, used 65949K [0x00000000a0000000, 0x00000000a6100000, 0x00000000e0000000)
  object space 99328K, 66% used [0x00000000a0000000,0x00000000a4067458,0x00000000a6100000)
 Metaspace       used 93450K, capacity 98198K, committed 98304K, reserved 1134592K
  class space    used 12657K, capacity 13546K, committed 13568K, reserved 1048576K
}
Event: 1568.380 GC heap before
{Heap before GC invocations=30 (full 4):
 PSYoungGen      total 135168K, used 9596K [0x00000000e0000000, 0x00000000e9580000, 0x0000000100000000)
  eden space 121344K, 0% used [0x00000000e0000000,0x00000000e0000000,0x00000000e7680000)
  from space 13824K, 69% used [0x00000000e8800000,0x00000000e915f150,0x00000000e9580000)
  to   space 15872K, 0% used [0x00000000e7680000,0x00000000e7680000,0x00000000e8600000)
 ParOldGen       total 99328K, used 65949K [0x00000000a0000000, 0x00000000a6100000, 0x00000000e0000000)
  object space 99328K, 66% used [0x00000000a0000000,0x00000000a4067458,0x00000000a6100000)
 Metaspace       used 93450K, capacity 98198K, committed 98304K, reserved 1134592K
  class space    used 12657K, capacity 13546K, committed 13568K, reserved 1048576K
Event: 1580.396 GC heap after
Heap after GC invocations=30 (full 4):
 PSYoungGen      total 135168K, used 0K [0x00000000e0000000, 0x00000000e9580000, 0x0000000100000000)
  eden space 121344K, 0% used [0x00000000e0000000,0x00000000e0000000,0x00000000e7680000)
  from space 13824K, 0% used [0x00000000e8800000,0x00000000e8800000,0x00000000e9580000)
  to   space 15872K, 0% used [0x00000000e7680000,0x00000000e7680000,0x00000000e8600000)
 ParOldGen       total 99328K, used 59452K [0x00000000a0000000, 0x00000000a6100000, 0x00000000e0000000)
  object space 99328K, 59% used [0x00000000a0000000,0x00000000a3a0f030,0x00000000a6100000)
 Metaspace       used 93077K, capacity 97248K, committed 98304K, reserved 1134592K
  class space    used 12572K, capacity 13399K, committed 13568K, reserved 1048576K
}
Event: 1598.716 GC heap before
{Heap before GC invocations=31 (full 4):
 PSYoungGen      total 135168K, used 121344K [0x00000000e0000000, 0x00000000e9580000, 0x0000000100000000)
  eden space 121344K, 100% used [0x00000000e0000000,0x00000000e7680000,0x00000000e7680000)
  from space 13824K, 0% used [0x00000000e8800000,0x00000000e8800000,0x00000000e9580000)
  to   space 15872K, 0% used [0x00000000e7680000,0x00000000e7680000,0x00000000e8600000)
 ParOldGen       total 99328K, used 59452K [0x00000000a0000000, 0x00000000a6100000, 0x00000000e0000000)
  object space 99328K, 59% used [0x00000000a0000000,0x00000000a3a0f030,0x00000000a6100000)
 Metaspace       used 102427K, capacity 107124K, committed 107264K, reserved 1142784K
  class space    used 13873K, capacity 14800K, committed 14848K, reserved 1048576K
Event: 1598.760 GC heap after
Heap after GC invocations=31 (full 4):
 PSYoungGen      total 137216K, used 15861K [0x00000000e0000000, 0x00000000eae00000, 0x0000000100000000)
  eden space 121344K, 0% used [0x00000000e0000000,0x00000000e0000000,0x00000000e7680000)
  from space 15872K, 99% used [0x00000000e7680000,0x00000000e85fd490,0x00000000e8600000)
  to   space 18432K, 0% used [0x00000000e9c00000,0x00000000e9c00000,0x00000000eae00000)
 ParOldGen       total 99328K, used 60339K [0x00000000a0000000, 0x00000000a6100000, 0x00000000e0000000)
  object space 99328K, 60% used [0x00000000a0000000,0x00000000a3aece20,0x00000000a6100000)
 Metaspace       used 102427K, capacity 107124K, committed 107264K, reserved 1142784K
  class space    used 13873K, capacity 14800K, committed 14848K, reserved 1048576K
}

